2016-11-21 20:01:57,354 [Worker-20] INFO  o.e.m.c.i.l.LifecycleMappingFactory - Using NULL lifecycle mapping for MavenProject: com.holictechnology.kidfriendly.web:kidfriendly-web:0.0.1-SNAPSHOT @ /home/paulo/Documentos/Projetos/workspace-kid/kidfriendly-service/kidfriendly-web/pom.xml.
2016-11-21 20:01:58,598 [Worker-20] INFO  o.e.m.c.i.l.LifecycleMappingFactory - Using org.maven.ide.eclipse.wtp.WarLifecycleMapping lifecycle mapping for MavenProject: com.holictechnology.kidfriendly.web:kidfriendly-internet:0.0.1-SNAPSHOT @ /home/paulo/Documentos/Projetos/workspace-kid/kidfriendly-service/kidfriendly-web/kidfriendly-internet/pom.xml.
2016-11-21 20:01:58,602 [Worker-20] INFO  o.e.m.c.i.l.LifecycleMappingFactory - Using NULL lifecycle mapping for MavenProject: com.holictechnology.kidfriendly.service:kidfriendly-service:0.0.1-SNAPSHOT @ /home/paulo/Documentos/Projetos/workspace-kid/kidfriendly-service/kidfriendly-service/pom.xml.
2016-11-21 20:01:58,639 [Worker-20] INFO  o.e.m.c.i.l.LifecycleMappingFactory - Using org.maven.ide.eclipse.wtp.WarLifecycleMapping lifecycle mapping for MavenProject: com.holictechnology.kidfriendly.service:kidfriendly-controller:0.0.1-SNAPSHOT @ /home/paulo/Documentos/Projetos/workspace-kid/kidfriendly-service/kidfriendly-service/kidfriendly-controller/pom.xml.
2016-11-21 20:01:59,008 [Worker-20] INFO  o.e.m.c.i.l.LifecycleMappingFactory - Using org.eclipse.m2e.jdt.JarLifecycleMapping lifecycle mapping for MavenProject: com.holictechnology.kidfriendly.service:kidfriendly-domain:0.0.1-SNAPSHOT @ /home/paulo/Documentos/Projetos/workspace-kid/kidfriendly-service/kidfriendly-service/kidfriendly-domain/pom.xml.
2016-11-21 20:01:59,485 [Worker-20] INFO  o.e.m.c.i.l.LifecycleMappingFactory - Using org.maven.ide.eclipse.wtp.EarLifecycleMapping lifecycle mapping for MavenProject: com.holictechnology.kidfriendly.service:kidfriendly-ear:0.0.1-SNAPSHOT @ /home/paulo/Documentos/Projetos/workspace-kid/kidfriendly-service/kidfriendly-service/kidfriendly-ear/pom.xml.
2016-11-21 20:01:59,711 [Worker-20] INFO  o.e.m.c.i.l.LifecycleMappingFactory - Using org.maven.ide.eclipse.wtp.EjbLifecycleMapping lifecycle mapping for MavenProject: com.holictechnology.kidfriendly.service:kidfriendly-ejb:0.0.1-SNAPSHOT @ /home/paulo/Documentos/Projetos/workspace-kid/kidfriendly-service/kidfriendly-service/kidfriendly-ejb/pom.xml.
2016-11-21 20:01:59,920 [Worker-20] INFO  o.e.m.c.i.l.LifecycleMappingFactory - Using org.eclipse.m2e.jdt.JarLifecycleMapping lifecycle mapping for MavenProject: com.holictechnology.kidfriendly.service:kidfriendly-library:0.0.1-SNAPSHOT @ /home/paulo/Documentos/Projetos/workspace-kid/kidfriendly-service/kidfriendly-service/kidfriendly-library/pom.xml.
2016-11-21 20:02:04,225 [Worker-20] INFO  o.e.m.j.i.AbstractJavaProjectConfigurator - Adding source folder /kidfriendly-domain/src/main/java
2016-11-21 20:02:04,231 [Worker-20] INFO  o.e.m.j.i.AbstractJavaProjectConfigurator - Adding resource folder /kidfriendly-domain/src/main/resources
2016-11-21 20:02:04,239 [Worker-20] INFO  o.e.m.j.i.AbstractJavaProjectConfigurator - Adding source folder /kidfriendly-domain/src/test/java
2016-11-21 20:02:08,699 [Worker-20] INFO  o.e.m.j.i.AbstractJavaProjectConfigurator - Adding source folder /kidfriendly-library/src/main/java
2016-11-21 20:02:08,700 [Worker-20] INFO  o.e.m.j.i.AbstractJavaProjectConfigurator - Adding source folder /kidfriendly-library/src/test/java
2016-11-21 20:02:08,798 [Worker-20] INFO  o.e.m.j.i.AbstractJavaProjectConfigurator - Adding source folder /kidfriendly-ejb/src/main/java
2016-11-21 20:02:08,798 [Worker-20] INFO  o.e.m.j.i.AbstractJavaProjectConfigurator - Adding resource folder /kidfriendly-ejb/src/main/resources
2016-11-21 20:02:08,800 [Worker-20] INFO  o.e.m.j.i.AbstractJavaProjectConfigurator - Adding source folder /kidfriendly-ejb/src/test/java
2016-11-21 20:02:09,576 [Worker-20] INFO  o.e.m.j.i.AbstractJavaProjectConfigurator - Adding source folder /kidfriendly-internet/src/main/java
2016-11-21 20:02:09,576 [Worker-20] INFO  o.e.m.j.i.AbstractJavaProjectConfigurator - Adding source folder /kidfriendly-internet/src/test/java
2016-11-21 20:02:13,147 [Worker-20] INFO  o.e.m.j.i.AbstractJavaProjectConfigurator - Adding source folder /kidfriendly-controller/src/main/java
2016-11-21 20:02:13,147 [Worker-20] INFO  o.e.m.j.i.AbstractJavaProjectConfigurator - Adding source folder /kidfriendly-controller/src/test/java
2016-11-21 20:02:15,889 [Worker-20] INFO  o.e.m.c.i.embedder.EclipseLogger - Generating application.xml
2016-11-21 20:02:16,036 [Worker-20] INFO  o.e.m.c.i.p.ProjectConfigurationManager - Imported and configured 8 project(s) in 19 sec
2016-11-21 20:02:25,900 [Worker-21] INFO  o.e.m.c.i.embedder.EclipseLogger - Using 'UTF-8' encoding to copy filtered resources.
2016-11-21 20:02:25,912 [Worker-21] INFO  o.e.m.c.i.embedder.EclipseLogger - Copying 1 resource
2016-11-21 20:02:25,948 [Worker-21] INFO  o.e.m.c.i.embedder.EclipseLogger - Using 'UTF-8' encoding to copy filtered resources.
2016-11-21 20:02:25,948 [Worker-21] INFO  o.e.m.c.i.embedder.EclipseLogger - skip non existing resourceDirectory /home/paulo/Documentos/Projetos/workspace-kid/kidfriendly-service/kidfriendly-service/kidfriendly-domain/src/test/resources
2016-11-21 20:02:26,947 [Worker-2] INFO  o.e.m.c.i.embedder.EclipseLogger - Using 'UTF-8' encoding to copy filtered resources.
2016-11-21 20:02:26,948 [Worker-2] INFO  o.e.m.c.i.embedder.EclipseLogger - skip non existing resourceDirectory /home/paulo/Documentos/Projetos/workspace-kid/kidfriendly-service/kidfriendly-service/kidfriendly-ear/src/main/resources
2016-11-21 20:02:27,072 [Worker-2] WARN  o.e.m.c.i.embedder.EclipseLogger - Using platform encoding (UTF-8 actually) to copy filtered resources, i.e. build is platform dependent!
2016-11-21 20:02:27,079 [Worker-2] INFO  o.e.m.c.i.embedder.EclipseLogger - skip non existing resourceDirectory /home/paulo/Documentos/Projetos/workspace-kid/kidfriendly-service/kidfriendly-web/kidfriendly-internet/src/main/resources
2016-11-21 20:02:27,081 [Worker-2] WARN  o.e.m.c.i.embedder.EclipseLogger - Using platform encoding (UTF-8 actually) to copy filtered resources, i.e. build is platform dependent!
2016-11-21 20:02:27,081 [Worker-2] INFO  o.e.m.c.i.embedder.EclipseLogger - skip non existing resourceDirectory /home/paulo/Documentos/Projetos/workspace-kid/kidfriendly-service/kidfriendly-web/kidfriendly-internet/src/test/resources
2016-11-21 20:02:27,862 [Worker-24] INFO  o.e.m.c.i.embedder.EclipseLogger - Using 'UTF-8' encoding to copy filtered resources.
2016-11-21 20:02:27,862 [Worker-24] INFO  o.e.m.c.i.embedder.EclipseLogger - skip non existing resourceDirectory /home/paulo/Documentos/Projetos/workspace-kid/kidfriendly-service/kidfriendly-service/kidfriendly-library/src/main/resources
2016-11-21 20:02:27,871 [Worker-24] INFO  o.e.m.c.i.embedder.EclipseLogger - Using 'UTF-8' encoding to copy filtered resources.
2016-11-21 20:02:27,871 [Worker-24] INFO  o.e.m.c.i.embedder.EclipseLogger - skip non existing resourceDirectory /home/paulo/Documentos/Projetos/workspace-kid/kidfriendly-service/kidfriendly-service/kidfriendly-library/src/test/resources
2016-11-21 20:02:29,540 [Worker-24] INFO  o.e.m.c.i.embedder.EclipseLogger - Using 'UTF-8' encoding to copy filtered resources.
2016-11-21 20:02:29,540 [Worker-24] INFO  o.e.m.c.i.embedder.EclipseLogger - Copying 1 resource
2016-11-21 20:02:29,542 [Worker-24] INFO  o.e.m.c.i.embedder.EclipseLogger - Using 'UTF-8' encoding to copy filtered resources.
2016-11-21 20:02:29,542 [Worker-24] INFO  o.e.m.c.i.embedder.EclipseLogger - skip non existing resourceDirectory /home/paulo/Documentos/Projetos/workspace-kid/kidfriendly-service/kidfriendly-service/kidfriendly-ejb/src/test/resources
2016-11-21 20:02:30,393 [Worker-13] INFO  o.e.m.c.i.embedder.EclipseLogger - Using 'UTF-8' encoding to copy filtered resources.
2016-11-21 20:02:30,393 [Worker-13] INFO  o.e.m.c.i.embedder.EclipseLogger - skip non existing resourceDirectory /home/paulo/Documentos/Projetos/workspace-kid/kidfriendly-service/kidfriendly-service/kidfriendly-controller/src/main/resources
2016-11-21 20:02:30,395 [Worker-13] INFO  o.e.m.c.i.embedder.EclipseLogger - Using 'UTF-8' encoding to copy filtered resources.
2016-11-21 20:02:30,395 [Worker-13] INFO  o.e.m.c.i.embedder.EclipseLogger - skip non existing resourceDirectory /home/paulo/Documentos/Projetos/workspace-kid/kidfriendly-service/kidfriendly-service/kidfriendly-controller/src/test/resources
2016-11-21 20:12:06,808 [Worker-26] WARN  o.e.m.c.i.embedder.EclipseLogger - Using platform encoding (UTF-8 actually) to copy filtered resources, i.e. build is platform dependent!
2016-11-21 20:12:06,808 [Worker-26] INFO  o.e.m.c.i.embedder.EclipseLogger - skip non existing resourceDirectory /home/paulo/Documentos/Projetos/workspace-kid/kidfriendly-service/kidfriendly-web/kidfriendly-internet/src/main/resources
2016-11-21 20:12:06,809 [Worker-26] WARN  o.e.m.c.i.embedder.EclipseLogger - Using platform encoding (UTF-8 actually) to copy filtered resources, i.e. build is platform dependent!
2016-11-21 20:12:06,810 [Worker-26] INFO  o.e.m.c.i.embedder.EclipseLogger - skip non existing resourceDirectory /home/paulo/Documentos/Projetos/workspace-kid/kidfriendly-service/kidfriendly-web/kidfriendly-internet/src/test/resources
2016-11-21 20:12:42,702 [Worker-12] WARN  o.e.m.c.i.embedder.EclipseLogger - Using platform encoding (UTF-8 actually) to copy filtered resources, i.e. build is platform dependent!
2016-11-21 20:12:42,703 [Worker-12] INFO  o.e.m.c.i.embedder.EclipseLogger - skip non existing resourceDirectory /home/paulo/Documentos/Projetos/workspace-kid/kidfriendly-service/kidfriendly-web/kidfriendly-internet/src/main/resources
2016-11-21 20:12:42,704 [Worker-12] WARN  o.e.m.c.i.embedder.EclipseLogger - Using platform encoding (UTF-8 actually) to copy filtered resources, i.e. build is platform dependent!
2016-11-21 20:12:42,705 [Worker-12] INFO  o.e.m.c.i.embedder.EclipseLogger - skip non existing resourceDirectory /home/paulo/Documentos/Projetos/workspace-kid/kidfriendly-service/kidfriendly-web/kidfriendly-internet/src/test/resources
2016-11-21 20:15:47,469 [Worker-4] INFO  o.e.m.c.i.embedder.EclipseLogger - Using 'UTF-8' encoding to copy filtered resources.
2016-11-21 20:15:47,482 [Worker-4] INFO  o.e.m.c.i.embedder.EclipseLogger - Copying 1 resource
2016-11-21 20:15:47,495 [Worker-4] INFO  o.e.m.c.i.embedder.EclipseLogger - Using 'UTF-8' encoding to copy filtered resources.
2016-11-21 20:15:47,495 [Worker-4] INFO  o.e.m.c.i.embedder.EclipseLogger - skip non existing resourceDirectory /home/paulo/Documentos/Projetos/workspace-kid/kidfriendly-service/kidfriendly-service/kidfriendly-domain/src/test/resources
2016-11-21 20:15:48,455 [Worker-1] WARN  o.e.m.c.i.embedder.EclipseLogger - Using platform encoding (UTF-8 actually) to copy filtered resources, i.e. build is platform dependent!
2016-11-21 20:15:48,559 [Worker-1] INFO  o.e.m.c.i.embedder.EclipseLogger - skip non existing resourceDirectory /home/paulo/Documentos/Projetos/workspace-kid/kidfriendly-service/kidfriendly-web/kidfriendly-internet/src/main/resources
2016-11-21 20:15:48,561 [Worker-1] WARN  o.e.m.c.i.embedder.EclipseLogger - Using platform encoding (UTF-8 actually) to copy filtered resources, i.e. build is platform dependent!
2016-11-21 20:15:48,562 [Worker-1] INFO  o.e.m.c.i.embedder.EclipseLogger - skip non existing resourceDirectory /home/paulo/Documentos/Projetos/workspace-kid/kidfriendly-service/kidfriendly-web/kidfriendly-internet/src/test/resources
2016-11-21 20:15:52,398 [Worker-5] INFO  o.e.m.c.i.embedder.EclipseLogger - Using 'UTF-8' encoding to copy filtered resources.
2016-11-21 20:15:52,398 [Worker-5] INFO  o.e.m.c.i.embedder.EclipseLogger - skip non existing resourceDirectory /home/paulo/Documentos/Projetos/workspace-kid/kidfriendly-service/kidfriendly-service/kidfriendly-library/src/main/resources
2016-11-21 20:15:52,401 [Worker-5] INFO  o.e.m.c.i.embedder.EclipseLogger - Using 'UTF-8' encoding to copy filtered resources.
2016-11-21 20:15:52,401 [Worker-5] INFO  o.e.m.c.i.embedder.EclipseLogger - skip non existing resourceDirectory /home/paulo/Documentos/Projetos/workspace-kid/kidfriendly-service/kidfriendly-service/kidfriendly-library/src/test/resources
2016-11-21 20:15:52,704 [Worker-5] INFO  o.e.m.c.i.embedder.EclipseLogger - Using 'UTF-8' encoding to copy filtered resources.
2016-11-21 20:15:52,705 [Worker-5] INFO  o.e.m.c.i.embedder.EclipseLogger - Copying 1 resource
2016-11-21 20:15:52,710 [Worker-5] INFO  o.e.m.c.i.embedder.EclipseLogger - Using 'UTF-8' encoding to copy filtered resources.
2016-11-21 20:15:52,710 [Worker-5] INFO  o.e.m.c.i.embedder.EclipseLogger - skip non existing resourceDirectory /home/paulo/Documentos/Projetos/workspace-kid/kidfriendly-service/kidfriendly-service/kidfriendly-ejb/src/test/resources
2016-11-21 20:15:53,259 [Worker-5] INFO  o.e.m.c.i.embedder.EclipseLogger - Using 'UTF-8' encoding to copy filtered resources.
2016-11-21 20:15:53,260 [Worker-5] INFO  o.e.m.c.i.embedder.EclipseLogger - skip non existing resourceDirectory /home/paulo/Documentos/Projetos/workspace-kid/kidfriendly-service/kidfriendly-service/kidfriendly-controller/src/main/resources
2016-11-21 20:15:53,262 [Worker-5] INFO  o.e.m.c.i.embedder.EclipseLogger - Using 'UTF-8' encoding to copy filtered resources.
2016-11-21 20:15:53,262 [Worker-5] INFO  o.e.m.c.i.embedder.EclipseLogger - skip non existing resourceDirectory /home/paulo/Documentos/Projetos/workspace-kid/kidfriendly-service/kidfriendly-service/kidfriendly-controller/src/test/resources
2016-11-21 20:17:02,516 [Worker-6] WARN  o.e.m.c.i.embedder.EclipseLogger - Using platform encoding (UTF-8 actually) to copy filtered resources, i.e. build is platform dependent!
2016-11-21 20:17:02,519 [Worker-6] INFO  o.e.m.c.i.embedder.EclipseLogger - skip non existing resourceDirectory /home/paulo/Documentos/Projetos/workspace-kid/kidfriendly-service/kidfriendly-web/kidfriendly-internet/src/main/resources
2016-11-21 20:17:02,526 [Worker-6] WARN  o.e.m.c.i.embedder.EclipseLogger - Using platform encoding (UTF-8 actually) to copy filtered resources, i.e. build is platform dependent!
2016-11-21 20:17:02,531 [Worker-6] INFO  o.e.m.c.i.embedder.EclipseLogger - skip non existing resourceDirectory /home/paulo/Documentos/Projetos/workspace-kid/kidfriendly-service/kidfriendly-web/kidfriendly-internet/src/test/resources
2016-11-21 20:17:14,341 [Worker-2] WARN  o.e.m.c.i.embedder.EclipseLogger - Using platform encoding (UTF-8 actually) to copy filtered resources, i.e. build is platform dependent!
2016-11-21 20:17:14,343 [Worker-2] INFO  o.e.m.c.i.embedder.EclipseLogger - skip non existing resourceDirectory /home/paulo/Documentos/Projetos/workspace-kid/kidfriendly-service/kidfriendly-web/kidfriendly-internet/src/main/resources
2016-11-21 20:17:14,347 [Worker-2] WARN  o.e.m.c.i.embedder.EclipseLogger - Using platform encoding (UTF-8 actually) to copy filtered resources, i.e. build is platform dependent!
2016-11-21 20:17:14,352 [Worker-2] INFO  o.e.m.c.i.embedder.EclipseLogger - skip non existing resourceDirectory /home/paulo/Documentos/Projetos/workspace-kid/kidfriendly-service/kidfriendly-web/kidfriendly-internet/src/test/resources
2016-11-21 20:17:31,993 [Worker-19] WARN  o.e.m.c.i.embedder.EclipseLogger - Using platform encoding (UTF-8 actually) to copy filtered resources, i.e. build is platform dependent!
2016-11-21 20:17:31,994 [Worker-19] INFO  o.e.m.c.i.embedder.EclipseLogger - skip non existing resourceDirectory /home/paulo/Documentos/Projetos/workspace-kid/kidfriendly-service/kidfriendly-web/kidfriendly-internet/src/main/resources
2016-11-21 20:17:31,997 [Worker-19] WARN  o.e.m.c.i.embedder.EclipseLogger - Using platform encoding (UTF-8 actually) to copy filtered resources, i.e. build is platform dependent!
2016-11-21 20:17:31,998 [Worker-19] INFO  o.e.m.c.i.embedder.EclipseLogger - skip non existing resourceDirectory /home/paulo/Documentos/Projetos/workspace-kid/kidfriendly-service/kidfriendly-web/kidfriendly-internet/src/test/resources
2016-11-21 20:17:39,801 [Worker-11] WARN  o.e.m.c.i.embedder.EclipseLogger - Using platform encoding (UTF-8 actually) to copy filtered resources, i.e. build is platform dependent!
2016-11-21 20:17:39,802 [Worker-11] INFO  o.e.m.c.i.embedder.EclipseLogger - skip non existing resourceDirectory /home/paulo/Documentos/Projetos/workspace-kid/kidfriendly-service/kidfriendly-web/kidfriendly-internet/src/main/resources
2016-11-21 20:17:39,804 [Worker-11] WARN  o.e.m.c.i.embedder.EclipseLogger - Using platform encoding (UTF-8 actually) to copy filtered resources, i.e. build is platform dependent!
2016-11-21 20:17:39,805 [Worker-11] INFO  o.e.m.c.i.embedder.EclipseLogger - skip non existing resourceDirectory /home/paulo/Documentos/Projetos/workspace-kid/kidfriendly-service/kidfriendly-web/kidfriendly-internet/src/test/resources
2016-11-21 20:18:49,986 [Worker-11] WARN  o.e.m.c.i.embedder.EclipseLogger - Using platform encoding (UTF-8 actually) to copy filtered resources, i.e. build is platform dependent!
2016-11-21 20:18:49,987 [Worker-11] INFO  o.e.m.c.i.embedder.EclipseLogger - skip non existing resourceDirectory /home/paulo/Documentos/Projetos/workspace-kid/kidfriendly-service/kidfriendly-web/kidfriendly-internet/src/main/resources
2016-11-21 20:18:49,989 [Worker-11] WARN  o.e.m.c.i.embedder.EclipseLogger - Using platform encoding (UTF-8 actually) to copy filtered resources, i.e. build is platform dependent!
2016-11-21 20:18:49,990 [Worker-11] INFO  o.e.m.c.i.embedder.EclipseLogger - skip non existing resourceDirectory /home/paulo/Documentos/Projetos/workspace-kid/kidfriendly-service/kidfriendly-web/kidfriendly-internet/src/test/resources
2016-11-21 20:19:10,462 [Worker-6] INFO  o.e.m.c.i.embedder.EclipseLogger - Using 'UTF-8' encoding to copy filtered resources.
2016-11-21 20:19:10,468 [Worker-6] INFO  o.e.m.c.i.embedder.EclipseLogger - Copying 1 resource
2016-11-21 20:19:10,470 [Worker-6] INFO  o.e.m.c.i.embedder.EclipseLogger - Using 'UTF-8' encoding to copy filtered resources.
2016-11-21 20:19:10,470 [Worker-6] INFO  o.e.m.c.i.embedder.EclipseLogger - skip non existing resourceDirectory /home/paulo/Documentos/Projetos/workspace-kid/kidfriendly-service/kidfriendly-service/kidfriendly-domain/src/test/resources
2016-11-21 20:19:18,354 [Worker-10] INFO  o.e.m.c.i.embedder.EclipseLogger - Using 'UTF-8' encoding to copy filtered resources.
2016-11-21 20:19:18,358 [Worker-10] INFO  o.e.m.c.i.embedder.EclipseLogger - Copying 1 resource
2016-11-21 20:19:18,362 [Worker-10] INFO  o.e.m.c.i.embedder.EclipseLogger - Using 'UTF-8' encoding to copy filtered resources.
2016-11-21 20:19:18,362 [Worker-10] INFO  o.e.m.c.i.embedder.EclipseLogger - skip non existing resourceDirectory /home/paulo/Documentos/Projetos/workspace-kid/kidfriendly-service/kidfriendly-service/kidfriendly-domain/src/test/resources
2016-11-21 20:19:29,581 [Worker-3] WARN  o.e.m.c.i.embedder.EclipseLogger - Using platform encoding (UTF-8 actually) to copy filtered resources, i.e. build is platform dependent!
2016-11-21 20:19:29,582 [Worker-3] INFO  o.e.m.c.i.embedder.EclipseLogger - skip non existing resourceDirectory /home/paulo/Documentos/Projetos/workspace-kid/kidfriendly-service/kidfriendly-web/kidfriendly-internet/src/main/resources
2016-11-21 20:19:29,584 [Worker-3] WARN  o.e.m.c.i.embedder.EclipseLogger - Using platform encoding (UTF-8 actually) to copy filtered resources, i.e. build is platform dependent!
2016-11-21 20:19:29,584 [Worker-3] INFO  o.e.m.c.i.embedder.EclipseLogger - skip non existing resourceDirectory /home/paulo/Documentos/Projetos/workspace-kid/kidfriendly-service/kidfriendly-web/kidfriendly-internet/src/test/resources
2016-11-21 20:19:36,408 [Worker-3] WARN  o.e.m.c.i.embedder.EclipseLogger - Using platform encoding (UTF-8 actually) to copy filtered resources, i.e. build is platform dependent!
2016-11-21 20:19:36,409 [Worker-3] INFO  o.e.m.c.i.embedder.EclipseLogger - skip non existing resourceDirectory /home/paulo/Documentos/Projetos/workspace-kid/kidfriendly-service/kidfriendly-web/kidfriendly-internet/src/main/resources
2016-11-21 20:19:36,415 [Worker-3] WARN  o.e.m.c.i.embedder.EclipseLogger - Using platform encoding (UTF-8 actually) to copy filtered resources, i.e. build is platform dependent!
2016-11-21 20:19:36,418 [Worker-3] INFO  o.e.m.c.i.embedder.EclipseLogger - skip non existing resourceDirectory /home/paulo/Documentos/Projetos/workspace-kid/kidfriendly-service/kidfriendly-web/kidfriendly-internet/src/test/resources
2016-11-21 20:19:43,943 [Worker-10] WARN  o.e.m.c.i.embedder.EclipseLogger - Using platform encoding (UTF-8 actually) to copy filtered resources, i.e. build is platform dependent!
2016-11-21 20:19:43,944 [Worker-10] INFO  o.e.m.c.i.embedder.EclipseLogger - skip non existing resourceDirectory /home/paulo/Documentos/Projetos/workspace-kid/kidfriendly-service/kidfriendly-web/kidfriendly-internet/src/main/resources
2016-11-21 20:19:43,945 [Worker-10] WARN  o.e.m.c.i.embedder.EclipseLogger - Using platform encoding (UTF-8 actually) to copy filtered resources, i.e. build is platform dependent!
2016-11-21 20:19:43,946 [Worker-10] INFO  o.e.m.c.i.embedder.EclipseLogger - skip non existing resourceDirectory /home/paulo/Documentos/Projetos/workspace-kid/kidfriendly-service/kidfriendly-web/kidfriendly-internet/src/test/resources
2016-11-21 20:20:25,971 [Worker-20] WARN  o.e.m.c.i.embedder.EclipseLogger - Using platform encoding (UTF-8 actually) to copy filtered resources, i.e. build is platform dependent!
2016-11-21 20:20:25,972 [Worker-20] INFO  o.e.m.c.i.embedder.EclipseLogger - skip non existing resourceDirectory /home/paulo/Documentos/Projetos/workspace-kid/kidfriendly-service/kidfriendly-web/kidfriendly-internet/src/main/resources
2016-11-21 20:20:25,979 [Worker-20] WARN  o.e.m.c.i.embedder.EclipseLogger - Using platform encoding (UTF-8 actually) to copy filtered resources, i.e. build is platform dependent!
2016-11-21 20:20:25,979 [Worker-20] INFO  o.e.m.c.i.embedder.EclipseLogger - skip non existing resourceDirectory /home/paulo/Documentos/Projetos/workspace-kid/kidfriendly-service/kidfriendly-web/kidfriendly-internet/src/test/resources
2016-11-21 20:20:37,739 [Worker-11] WARN  o.e.m.c.i.embedder.EclipseLogger - Using platform encoding (UTF-8 actually) to copy filtered resources, i.e. build is platform dependent!
2016-11-21 20:20:37,740 [Worker-11] INFO  o.e.m.c.i.embedder.EclipseLogger - skip non existing resourceDirectory /home/paulo/Documentos/Projetos/workspace-kid/kidfriendly-service/kidfriendly-web/kidfriendly-internet/src/main/resources
2016-11-21 20:20:37,748 [Worker-11] WARN  o.e.m.c.i.embedder.EclipseLogger - Using platform encoding (UTF-8 actually) to copy filtered resources, i.e. build is platform dependent!
2016-11-21 20:20:37,748 [Worker-11] INFO  o.e.m.c.i.embedder.EclipseLogger - skip non existing resourceDirectory /home/paulo/Documentos/Projetos/workspace-kid/kidfriendly-service/kidfriendly-web/kidfriendly-internet/src/test/resources
2016-11-21 20:21:38,620 [Worker-6] WARN  o.e.m.c.i.embedder.EclipseLogger - Using platform encoding (UTF-8 actually) to copy filtered resources, i.e. build is platform dependent!
2016-11-21 20:21:38,621 [Worker-6] INFO  o.e.m.c.i.embedder.EclipseLogger - skip non existing resourceDirectory /home/paulo/Documentos/Projetos/workspace-kid/kidfriendly-service/kidfriendly-web/kidfriendly-internet/src/main/resources
2016-11-21 20:21:38,622 [Worker-6] WARN  o.e.m.c.i.embedder.EclipseLogger - Using platform encoding (UTF-8 actually) to copy filtered resources, i.e. build is platform dependent!
2016-11-21 20:21:38,623 [Worker-6] INFO  o.e.m.c.i.embedder.EclipseLogger - skip non existing resourceDirectory /home/paulo/Documentos/Projetos/workspace-kid/kidfriendly-service/kidfriendly-web/kidfriendly-internet/src/test/resources
2016-11-21 20:21:44,472 [Worker-6] WARN  o.e.m.c.i.embedder.EclipseLogger - Using platform encoding (UTF-8 actually) to copy filtered resources, i.e. build is platform dependent!
2016-11-21 20:21:44,473 [Worker-6] INFO  o.e.m.c.i.embedder.EclipseLogger - skip non existing resourceDirectory /home/paulo/Documentos/Projetos/workspace-kid/kidfriendly-service/kidfriendly-web/kidfriendly-internet/src/main/resources
2016-11-21 20:21:44,474 [Worker-6] WARN  o.e.m.c.i.embedder.EclipseLogger - Using platform encoding (UTF-8 actually) to copy filtered resources, i.e. build is platform dependent!
2016-11-21 20:21:44,474 [Worker-6] INFO  o.e.m.c.i.embedder.EclipseLogger - skip non existing resourceDirectory /home/paulo/Documentos/Projetos/workspace-kid/kidfriendly-service/kidfriendly-web/kidfriendly-internet/src/test/resources
2016-11-21 20:39:29,227 [Worker-22] WARN  o.e.m.c.i.embedder.EclipseLogger - Using platform encoding (UTF-8 actually) to copy filtered resources, i.e. build is platform dependent!
2016-11-21 20:39:29,229 [Worker-22] INFO  o.e.m.c.i.embedder.EclipseLogger - skip non existing resourceDirectory /home/paulo/Documentos/Projetos/workspace-kid/kidfriendly-service/kidfriendly-web/kidfriendly-internet/src/main/resources
2016-11-21 20:39:29,230 [Worker-22] WARN  o.e.m.c.i.embedder.EclipseLogger - Using platform encoding (UTF-8 actually) to copy filtered resources, i.e. build is platform dependent!
2016-11-21 20:39:29,231 [Worker-22] INFO  o.e.m.c.i.embedder.EclipseLogger - skip non existing resourceDirectory /home/paulo/Documentos/Projetos/workspace-kid/kidfriendly-service/kidfriendly-web/kidfriendly-internet/src/test/resources
2016-11-21 20:39:39,901 [Worker-23] WARN  o.e.m.c.i.embedder.EclipseLogger - Using platform encoding (UTF-8 actually) to copy filtered resources, i.e. build is platform dependent!
2016-11-21 20:39:39,901 [Worker-23] INFO  o.e.m.c.i.embedder.EclipseLogger - skip non existing resourceDirectory /home/paulo/Documentos/Projetos/workspace-kid/kidfriendly-service/kidfriendly-web/kidfriendly-internet/src/main/resources
2016-11-21 20:39:39,903 [Worker-23] WARN  o.e.m.c.i.embedder.EclipseLogger - Using platform encoding (UTF-8 actually) to copy filtered resources, i.e. build is platform dependent!
2016-11-21 20:39:39,904 [Worker-23] INFO  o.e.m.c.i.embedder.EclipseLogger - skip non existing resourceDirectory /home/paulo/Documentos/Projetos/workspace-kid/kidfriendly-service/kidfriendly-web/kidfriendly-internet/src/test/resources
2016-11-21 20:48:58,889 [Worker-26] WARN  o.e.m.c.i.embedder.EclipseLogger - Using platform encoding (UTF-8 actually) to copy filtered resources, i.e. build is platform dependent!
2016-11-21 20:48:58,889 [Worker-26] INFO  o.e.m.c.i.embedder.EclipseLogger - skip non existing resourceDirectory /home/paulo/Documentos/Projetos/workspace-kid/kidfriendly-service/kidfriendly-web/kidfriendly-internet/src/main/resources
2016-11-21 20:48:58,891 [Worker-26] WARN  o.e.m.c.i.embedder.EclipseLogger - Using platform encoding (UTF-8 actually) to copy filtered resources, i.e. build is platform dependent!
2016-11-21 20:48:58,891 [Worker-26] INFO  o.e.m.c.i.embedder.EclipseLogger - skip non existing resourceDirectory /home/paulo/Documentos/Projetos/workspace-kid/kidfriendly-service/kidfriendly-web/kidfriendly-internet/src/test/resources
2016-11-21 20:49:16,188 [Worker-26] WARN  o.e.m.c.i.embedder.EclipseLogger - Using platform encoding (UTF-8 actually) to copy filtered resources, i.e. build is platform dependent!
2016-11-21 20:49:16,189 [Worker-26] INFO  o.e.m.c.i.embedder.EclipseLogger - skip non existing resourceDirectory /home/paulo/Documentos/Projetos/workspace-kid/kidfriendly-service/kidfriendly-web/kidfriendly-internet/src/main/resources
2016-11-21 20:49:16,191 [Worker-26] WARN  o.e.m.c.i.embedder.EclipseLogger - Using platform encoding (UTF-8 actually) to copy filtered resources, i.e. build is platform dependent!
2016-11-21 20:49:16,191 [Worker-26] INFO  o.e.m.c.i.embedder.EclipseLogger - skip non existing resourceDirectory /home/paulo/Documentos/Projetos/workspace-kid/kidfriendly-service/kidfriendly-web/kidfriendly-internet/src/test/resources
2016-11-21 20:50:37,342 [Worker-25] WARN  o.e.m.c.i.embedder.EclipseLogger - Using platform encoding (UTF-8 actually) to copy filtered resources, i.e. build is platform dependent!
2016-11-21 20:50:37,342 [Worker-25] INFO  o.e.m.c.i.embedder.EclipseLogger - skip non existing resourceDirectory /home/paulo/Documentos/Projetos/workspace-kid/kidfriendly-service/kidfriendly-web/kidfriendly-internet/src/main/resources
2016-11-21 20:50:37,343 [Worker-25] WARN  o.e.m.c.i.embedder.EclipseLogger - Using platform encoding (UTF-8 actually) to copy filtered resources, i.e. build is platform dependent!
2016-11-21 20:50:37,344 [Worker-25] INFO  o.e.m.c.i.embedder.EclipseLogger - skip non existing resourceDirectory /home/paulo/Documentos/Projetos/workspace-kid/kidfriendly-service/kidfriendly-web/kidfriendly-internet/src/test/resources
2016-11-21 20:52:04,436 [Worker-25] WARN  o.e.m.c.i.embedder.EclipseLogger - Using platform encoding (UTF-8 actually) to copy filtered resources, i.e. build is platform dependent!
2016-11-21 20:52:04,436 [Worker-25] INFO  o.e.m.c.i.embedder.EclipseLogger - skip non existing resourceDirectory /home/paulo/Documentos/Projetos/workspace-kid/kidfriendly-service/kidfriendly-web/kidfriendly-internet/src/main/resources
2016-11-21 20:52:04,437 [Worker-25] WARN  o.e.m.c.i.embedder.EclipseLogger - Using platform encoding (UTF-8 actually) to copy filtered resources, i.e. build is platform dependent!
2016-11-21 20:52:04,438 [Worker-25] INFO  o.e.m.c.i.embedder.EclipseLogger - skip non existing resourceDirectory /home/paulo/Documentos/Projetos/workspace-kid/kidfriendly-service/kidfriendly-web/kidfriendly-internet/src/test/resources
2016-11-21 20:52:16,484 [Worker-30] WARN  o.e.m.c.i.embedder.EclipseLogger - Using platform encoding (UTF-8 actually) to copy filtered resources, i.e. build is platform dependent!
2016-11-21 20:52:16,488 [Worker-30] INFO  o.e.m.c.i.embedder.EclipseLogger - skip non existing resourceDirectory /home/paulo/Documentos/Projetos/workspace-kid/kidfriendly-service/kidfriendly-web/kidfriendly-internet/src/main/resources
2016-11-21 20:52:16,491 [Worker-30] WARN  o.e.m.c.i.embedder.EclipseLogger - Using platform encoding (UTF-8 actually) to copy filtered resources, i.e. build is platform dependent!
2016-11-21 20:52:16,498 [Worker-30] INFO  o.e.m.c.i.embedder.EclipseLogger - skip non existing resourceDirectory /home/paulo/Documentos/Projetos/workspace-kid/kidfriendly-service/kidfriendly-web/kidfriendly-internet/src/test/resources
2016-11-21 20:52:43,075 [Worker-28] WARN  o.e.m.c.i.embedder.EclipseLogger - Using platform encoding (UTF-8 actually) to copy filtered resources, i.e. build is platform dependent!
2016-11-21 20:52:43,076 [Worker-28] INFO  o.e.m.c.i.embedder.EclipseLogger - skip non existing resourceDirectory /home/paulo/Documentos/Projetos/workspace-kid/kidfriendly-service/kidfriendly-web/kidfriendly-internet/src/main/resources
2016-11-21 20:52:43,080 [Worker-28] WARN  o.e.m.c.i.embedder.EclipseLogger - Using platform encoding (UTF-8 actually) to copy filtered resources, i.e. build is platform dependent!
2016-11-21 20:52:43,080 [Worker-28] INFO  o.e.m.c.i.embedder.EclipseLogger - skip non existing resourceDirectory /home/paulo/Documentos/Projetos/workspace-kid/kidfriendly-service/kidfriendly-web/kidfriendly-internet/src/test/resources
2016-11-21 20:54:11,538 [Worker-29] WARN  o.e.m.c.i.embedder.EclipseLogger - Using platform encoding (UTF-8 actually) to copy filtered resources, i.e. build is platform dependent!
2016-11-21 20:54:11,538 [Worker-29] INFO  o.e.m.c.i.embedder.EclipseLogger - skip non existing resourceDirectory /home/paulo/Documentos/Projetos/workspace-kid/kidfriendly-service/kidfriendly-web/kidfriendly-internet/src/main/resources
2016-11-21 20:54:11,539 [Worker-29] WARN  o.e.m.c.i.embedder.EclipseLogger - Using platform encoding (UTF-8 actually) to copy filtered resources, i.e. build is platform dependent!
2016-11-21 20:54:11,540 [Worker-29] INFO  o.e.m.c.i.embedder.EclipseLogger - skip non existing resourceDirectory /home/paulo/Documentos/Projetos/workspace-kid/kidfriendly-service/kidfriendly-web/kidfriendly-internet/src/test/resources
2016-11-21 20:56:19,517 [main] INFO  o.e.m2e.actions.ExecutePomAction - Creating new launch configuration
2016-11-21 20:56:26,593 [Worker-25] INFO  o.e.m.i.launch.MavenLaunchDelegate - /home/paulo/Documentos/Projetos/workspace-kid/kidfriendly-service/kidfriendly-web
2016-11-21 20:56:26,594 [Worker-25] INFO  o.e.m.i.launch.MavenLaunchDelegate -  mvn -B clean install
2016-11-21 20:58:30,160 [Worker-29] WARN  o.e.m.c.i.embedder.EclipseLogger - Using platform encoding (UTF-8 actually) to copy filtered resources, i.e. build is platform dependent!
2016-11-21 20:58:30,160 [Worker-29] INFO  o.e.m.c.i.embedder.EclipseLogger - skip non existing resourceDirectory /home/paulo/Documentos/Projetos/workspace-kid/kidfriendly-service/kidfriendly-web/kidfriendly-internet/src/main/resources
2016-11-21 20:58:30,162 [Worker-29] WARN  o.e.m.c.i.embedder.EclipseLogger - Using platform encoding (UTF-8 actually) to copy filtered resources, i.e. build is platform dependent!
2016-11-21 20:58:30,163 [Worker-29] INFO  o.e.m.c.i.embedder.EclipseLogger - skip non existing resourceDirectory /home/paulo/Documentos/Projetos/workspace-kid/kidfriendly-service/kidfriendly-web/kidfriendly-internet/src/test/resources
2016-11-21 21:03:36,048 [Worker-28] WARN  o.e.m.c.i.embedder.EclipseLogger - Using platform encoding (UTF-8 actually) to copy filtered resources, i.e. build is platform dependent!
2016-11-21 21:03:36,049 [Worker-28] INFO  o.e.m.c.i.embedder.EclipseLogger - skip non existing resourceDirectory /home/paulo/Documentos/Projetos/workspace-kid/kidfriendly-service/kidfriendly-web/kidfriendly-internet/src/main/resources
2016-11-21 21:03:36,050 [Worker-28] WARN  o.e.m.c.i.embedder.EclipseLogger - Using platform encoding (UTF-8 actually) to copy filtered resources, i.e. build is platform dependent!
2016-11-21 21:03:36,051 [Worker-28] INFO  o.e.m.c.i.embedder.EclipseLogger - skip non existing resourceDirectory /home/paulo/Documentos/Projetos/workspace-kid/kidfriendly-service/kidfriendly-web/kidfriendly-internet/src/test/resources
2016-11-21 21:03:54,090 [Worker-52] WARN  o.e.m.c.i.embedder.EclipseLogger - Using platform encoding (UTF-8 actually) to copy filtered resources, i.e. build is platform dependent!
2016-11-21 21:03:54,090 [Worker-52] INFO  o.e.m.c.i.embedder.EclipseLogger - skip non existing resourceDirectory /home/paulo/Documentos/Projetos/workspace-kid/kidfriendly-service/kidfriendly-web/kidfriendly-internet/src/main/resources
2016-11-21 21:03:54,092 [Worker-52] WARN  o.e.m.c.i.embedder.EclipseLogger - Using platform encoding (UTF-8 actually) to copy filtered resources, i.e. build is platform dependent!
2016-11-21 21:03:54,093 [Worker-52] INFO  o.e.m.c.i.embedder.EclipseLogger - skip non existing resourceDirectory /home/paulo/Documentos/Projetos/workspace-kid/kidfriendly-service/kidfriendly-web/kidfriendly-internet/src/test/resources
2016-11-21 21:04:09,004 [Worker-77] WARN  o.e.m.c.i.embedder.EclipseLogger - Using platform encoding (UTF-8 actually) to copy filtered resources, i.e. build is platform dependent!
2016-11-21 21:04:09,004 [Worker-77] INFO  o.e.m.c.i.embedder.EclipseLogger - skip non existing resourceDirectory /home/paulo/Documentos/Projetos/workspace-kid/kidfriendly-service/kidfriendly-web/kidfriendly-internet/src/main/resources
2016-11-21 21:04:09,024 [Worker-77] WARN  o.e.m.c.i.embedder.EclipseLogger - Using platform encoding (UTF-8 actually) to copy filtered resources, i.e. build is platform dependent!
2016-11-21 21:04:09,026 [Worker-77] INFO  o.e.m.c.i.embedder.EclipseLogger - skip non existing resourceDirectory /home/paulo/Documentos/Projetos/workspace-kid/kidfriendly-service/kidfriendly-web/kidfriendly-internet/src/test/resources
2016-11-21 21:04:15,248 [Worker-79] WARN  o.e.m.c.i.embedder.EclipseLogger - Using platform encoding (UTF-8 actually) to copy filtered resources, i.e. build is platform dependent!
2016-11-21 21:04:15,248 [Worker-79] INFO  o.e.m.c.i.embedder.EclipseLogger - skip non existing resourceDirectory /home/paulo/Documentos/Projetos/workspace-kid/kidfriendly-service/kidfriendly-web/kidfriendly-internet/src/main/resources
2016-11-21 21:04:15,259 [Worker-79] WARN  o.e.m.c.i.embedder.EclipseLogger - Using platform encoding (UTF-8 actually) to copy filtered resources, i.e. build is platform dependent!
2016-11-21 21:04:15,260 [Worker-79] INFO  o.e.m.c.i.embedder.EclipseLogger - skip non existing resourceDirectory /home/paulo/Documentos/Projetos/workspace-kid/kidfriendly-service/kidfriendly-web/kidfriendly-internet/src/test/resources
2016-11-21 21:04:54,628 [Worker-79] WARN  o.e.m.c.i.embedder.EclipseLogger - Using platform encoding (UTF-8 actually) to copy filtered resources, i.e. build is platform dependent!
2016-11-21 21:04:54,632 [Worker-79] INFO  o.e.m.c.i.embedder.EclipseLogger - skip non existing resourceDirectory /home/paulo/Documentos/Projetos/workspace-kid/kidfriendly-service/kidfriendly-web/kidfriendly-internet/src/main/resources
2016-11-21 21:04:54,635 [Worker-79] WARN  o.e.m.c.i.embedder.EclipseLogger - Using platform encoding (UTF-8 actually) to copy filtered resources, i.e. build is platform dependent!
2016-11-21 21:04:54,635 [Worker-79] INFO  o.e.m.c.i.embedder.EclipseLogger - skip non existing resourceDirectory /home/paulo/Documentos/Projetos/workspace-kid/kidfriendly-service/kidfriendly-web/kidfriendly-internet/src/test/resources
2016-11-21 21:05:16,413 [Worker-28] WARN  o.e.m.c.i.embedder.EclipseLogger - Using platform encoding (UTF-8 actually) to copy filtered resources, i.e. build is platform dependent!
2016-11-21 21:05:16,414 [Worker-28] INFO  o.e.m.c.i.embedder.EclipseLogger - skip non existing resourceDirectory /home/paulo/Documentos/Projetos/workspace-kid/kidfriendly-service/kidfriendly-web/kidfriendly-internet/src/main/resources
2016-11-21 21:05:16,416 [Worker-28] WARN  o.e.m.c.i.embedder.EclipseLogger - Using platform encoding (UTF-8 actually) to copy filtered resources, i.e. build is platform dependent!
2016-11-21 21:05:16,416 [Worker-28] INFO  o.e.m.c.i.embedder.EclipseLogger - skip non existing resourceDirectory /home/paulo/Documentos/Projetos/workspace-kid/kidfriendly-service/kidfriendly-web/kidfriendly-internet/src/test/resources
2016-11-21 21:05:26,909 [Worker-68] WARN  o.e.m.c.i.embedder.EclipseLogger - Using platform encoding (UTF-8 actually) to copy filtered resources, i.e. build is platform dependent!
2016-11-21 21:05:26,909 [Worker-68] INFO  o.e.m.c.i.embedder.EclipseLogger - skip non existing resourceDirectory /home/paulo/Documentos/Projetos/workspace-kid/kidfriendly-service/kidfriendly-web/kidfriendly-internet/src/main/resources
2016-11-21 21:05:26,911 [Worker-68] WARN  o.e.m.c.i.embedder.EclipseLogger - Using platform encoding (UTF-8 actually) to copy filtered resources, i.e. build is platform dependent!
2016-11-21 21:05:26,913 [Worker-68] INFO  o.e.m.c.i.embedder.EclipseLogger - skip non existing resourceDirectory /home/paulo/Documentos/Projetos/workspace-kid/kidfriendly-service/kidfriendly-web/kidfriendly-internet/src/test/resources
2016-11-21 21:05:44,834 [Worker-28] WARN  o.e.m.c.i.embedder.EclipseLogger - Using platform encoding (UTF-8 actually) to copy filtered resources, i.e. build is platform dependent!
2016-11-21 21:05:44,849 [Worker-28] INFO  o.e.m.c.i.embedder.EclipseLogger - skip non existing resourceDirectory /home/paulo/Documentos/Projetos/workspace-kid/kidfriendly-service/kidfriendly-web/kidfriendly-internet/src/main/resources
2016-11-21 21:05:44,850 [Worker-28] WARN  o.e.m.c.i.embedder.EclipseLogger - Using platform encoding (UTF-8 actually) to copy filtered resources, i.e. build is platform dependent!
2016-11-21 21:05:44,856 [Worker-28] INFO  o.e.m.c.i.embedder.EclipseLogger - skip non existing resourceDirectory /home/paulo/Documentos/Projetos/workspace-kid/kidfriendly-service/kidfriendly-web/kidfriendly-internet/src/test/resources
2016-11-21 21:10:09,661 [Worker-83] WARN  o.e.m.c.i.embedder.EclipseLogger - Using platform encoding (UTF-8 actually) to copy filtered resources, i.e. build is platform dependent!
2016-11-21 21:10:09,662 [Worker-83] INFO  o.e.m.c.i.embedder.EclipseLogger - skip non existing resourceDirectory /home/paulo/Documentos/Projetos/workspace-kid/kidfriendly-service/kidfriendly-web/kidfriendly-internet/src/main/resources
2016-11-21 21:10:09,663 [Worker-83] WARN  o.e.m.c.i.embedder.EclipseLogger - Using platform encoding (UTF-8 actually) to copy filtered resources, i.e. build is platform dependent!
2016-11-21 21:10:09,663 [Worker-83] INFO  o.e.m.c.i.embedder.EclipseLogger - skip non existing resourceDirectory /home/paulo/Documentos/Projetos/workspace-kid/kidfriendly-service/kidfriendly-web/kidfriendly-internet/src/test/resources
2016-11-21 21:10:09,664 [Worker-83] INFO  o.e.m.w.i.f.ResourceFilteringBuildParticipant - Changed resources require a complete clean of filtered resources of kidfriendly-internet
2016-11-21 21:10:09,668 [Worker-83] INFO  o.e.m.w.i.f.ResourceFilteringBuildParticipant - Executing resource filtering for kidfriendly-internet
2016-11-21 21:10:09,692 [Worker-83] WARN  o.e.m.c.i.embedder.EclipseLogger - Using platform encoding (UTF-8 actually) to copy filtered resources, i.e. build is platform dependent!
